CRITICAL - 2023-06-21 00:37:57 --> syntax error, unexpected '}', expecting ';'
in APPPATH\Controllers\Film.php on line 38.
 1 SYSTEMPATH\Router\Router.php(507): CodeIgniter\Router\AutoRouter->getRoute('film')
 2 SYSTEMPATH\Router\Router.php(206): CodeIgniter\Router\Router->autoRoute('film')
 3 SYSTEMPATH\CodeIgniter.php(815): CodeIgniter\Router\Router->handle('film')
 4 SYSTEMPATH\CodeIgniter.php(449): CodeIgniter\CodeIgniter->tryToRouteIt(Object(CodeIgniter\Router\RouteCollection))
 5 SYSTEMPATH\CodeIgniter.php(368): CodeIgniter\CodeIgniter->handleRequest(null, Object(Config\Cache), false)
 6 FCPATH\index.php(67): CodeIgniter\CodeIgniter->run()
 7 SYSTEMPATH\Commands\Server\rewrite.php(47): require_once('C:\\Users\\Dian\\Documents\\semester 4\\FRAMEWORK\\CItugas\\public\\index.php')
CRITICAL - 2023-06-21 00:38:32 --> Invalid file: "film/add.php"
in SYSTEMPATH\Exceptions\FrameworkException.php on line 33.
 1 SYSTEMPATH\View\View.php(201): CodeIgniter\Exceptions\FrameworkException::forInvalidFile('film/add.php')
 2 SYSTEMPATH\Common.php(1184): CodeIgniter\View\View->render('film/add', [], true)
 3 APPPATH\Controllers\Film.php(37): view('film/add')
 4 SYSTEMPATH\CodeIgniter.php(934): App\Controllers\Film->add()
 5 SYSTEMPATH\CodeIgniter.php(499): CodeIgniter\CodeIgniter->runController(Object(App\Controllers\Film))
 6 SYSTEMPATH\CodeIgniter.php(368): CodeIgniter\CodeIgniter->handleRequest(null, Object(Config\Cache), false)
 7 FCPATH\index.php(67): CodeIgniter\CodeIgniter->run()
 8 SYSTEMPATH\Commands\Server\rewrite.php(47): require_once('C:\\Users\\Dian\\Documents\\semester 4\\FRAMEWORK\\CItugas\\public\\index.php')
CRITICAL - 2023-06-21 02:18:59 --> Undefined variable: genre
in APPPATH\Views\film\add.php on line 31.
 1 APPPATH\Views\film\add.php(31): CodeIgniter\Debug\Exceptions->errorHandler(8, 'Undefined variable: genre', 'C:\\Users\\Dian\\Documents\\semester 4\\FRAMEWORK\\CItugas\\app\\Views\\film\\add.php', 31, [])
 2 SYSTEMPATH\View\View.php(213): include('C:\\Users\\Dian\\Documents\\semester 4\\FRAMEWORK\\CItugas\\app\\Views\\film\\add.php')
 3 SYSTEMPATH\View\View.php(216): CodeIgniter\View\View->CodeIgniter\View\{closure}()
 4 SYSTEMPATH\Common.php(1184): CodeIgniter\View\View->render('film/add', [], true)
 5 APPPATH\Controllers\Film.php(37): view('film/add')
 6 SYSTEMPATH\CodeIgniter.php(934): App\Controllers\Film->add()
 7 SYSTEMPATH\CodeIgniter.php(499): CodeIgniter\CodeIgniter->runController(Object(App\Controllers\Film))
 8 SYSTEMPATH\CodeIgniter.php(368): CodeIgniter\CodeIgniter->handleRequest(null, Object(Config\Cache), false)
 9 FCPATH\index.php(67): CodeIgniter\CodeIgniter->run()
10 SYSTEMPATH\Commands\Server\rewrite.php(47): require_once('C:\\Users\\Dian\\Documents\\semester 4\\FRAMEWORK\\CItugas\\public\\index.php')
CRITICAL - 2023-06-21 02:19:13 --> Undefined variable: genre
in APPPATH\Views\film\add.php on line 31.
 1 APPPATH\Views\film\add.php(31): CodeIgniter\Debug\Exceptions->errorHandler(8, 'Undefined variable: genre', 'C:\\Users\\Dian\\Documents\\semester 4\\FRAMEWORK\\CItugas\\app\\Views\\film\\add.php', 31, [])
 2 SYSTEMPATH\View\View.php(213): include('C:\\Users\\Dian\\Documents\\semester 4\\FRAMEWORK\\CItugas\\app\\Views\\film\\add.php')
 3 SYSTEMPATH\View\View.php(216): CodeIgniter\View\View->CodeIgniter\View\{closure}()
 4 SYSTEMPATH\Common.php(1184): CodeIgniter\View\View->render('film/add', [], true)
 5 APPPATH\Controllers\Film.php(37): view('film/add')
 6 SYSTEMPATH\CodeIgniter.php(934): App\Controllers\Film->add()
 7 SYSTEMPATH\CodeIgniter.php(499): CodeIgniter\CodeIgniter->runController(Object(App\Controllers\Film))
 8 SYSTEMPATH\CodeIgniter.php(368): CodeIgniter\CodeIgniter->handleRequest(null, Object(Config\Cache), false)
 9 FCPATH\index.php(67): CodeIgniter\CodeIgniter->run()
10 SYSTEMPATH\Commands\Server\rewrite.php(47): require_once('C:\\Users\\Dian\\Documents\\semester 4\\FRAMEWORK\\CItugas\\public\\index.php')
CRITICAL - 2023-06-21 02:24:26 --> Undefined property: App\Controllers\Film::$Genre
in APPPATH\Controllers\Film.php on line 37.
 1 APPPATH\Controllers\Film.php(37): CodeIgniter\Debug\Exceptions->errorHandler(8, 'Undefined property: App\\Controllers\\Film::$Genre', 'C:\\Users\\Dian\\Documents\\semester 4\\FRAMEWORK\\CItugas\\app\\Controllers\\Film.php', 37, [])
 2 SYSTEMPATH\CodeIgniter.php(934): App\Controllers\Film->add()
 3 SYSTEMPATH\CodeIgniter.php(499): CodeIgniter\CodeIgniter->runController(Object(App\Controllers\Film))
 4 SYSTEMPATH\CodeIgniter.php(368): CodeIgniter\CodeIgniter->handleRequest(null, Object(Config\Cache), false)
 5 FCPATH\index.php(67): CodeIgniter\CodeIgniter->run()
 6 SYSTEMPATH\Commands\Server\rewrite.php(47): require_once('C:\\Users\\Dian\\Documents\\semester 4\\FRAMEWORK\\CItugas\\public\\index.php')
CRITICAL - 2023-06-21 02:24:57 --> Undefined property: App\Controllers\Film::$Genre
in APPPATH\Controllers\Film.php on line 37.
 1 APPPATH\Controllers\Film.php(37): CodeIgniter\Debug\Exceptions->errorHandler(8, 'Undefined property: App\\Controllers\\Film::$Genre', 'C:\\Users\\Dian\\Documents\\semester 4\\FRAMEWORK\\CItugas\\app\\Controllers\\Film.php', 37, [])
 2 SYSTEMPATH\CodeIgniter.php(934): App\Controllers\Film->add()
 3 SYSTEMPATH\CodeIgniter.php(499): CodeIgniter\CodeIgniter->runController(Object(App\Controllers\Film))
 4 SYSTEMPATH\CodeIgniter.php(368): CodeIgniter\CodeIgniter->handleRequest(null, Object(Config\Cache), false)
 5 FCPATH\index.php(67): CodeIgniter\CodeIgniter->run()
 6 SYSTEMPATH\Commands\Server\rewrite.php(47): require_once('C:\\Users\\Dian\\Documents\\semester 4\\FRAMEWORK\\CItugas\\public\\index.php')
CRITICAL - 2023-06-21 02:24:59 --> Undefined property: App\Controllers\Film::$Genre
in APPPATH\Controllers\Film.php on line 37.
 1 APPPATH\Controllers\Film.php(37): CodeIgniter\Debug\Exceptions->errorHandler(8, 'Undefined property: App\\Controllers\\Film::$Genre', 'C:\\Users\\Dian\\Documents\\semester 4\\FRAMEWORK\\CItugas\\app\\Controllers\\Film.php', 37, [])
 2 SYSTEMPATH\CodeIgniter.php(934): App\Controllers\Film->add()
 3 SYSTEMPATH\CodeIgniter.php(499): CodeIgniter\CodeIgniter->runController(Object(App\Controllers\Film))
 4 SYSTEMPATH\CodeIgniter.php(368): CodeIgniter\CodeIgniter->handleRequest(null, Object(Config\Cache), false)
 5 FCPATH\index.php(67): CodeIgniter\CodeIgniter->run()
 6 SYSTEMPATH\Commands\Server\rewrite.php(47): require_once('C:\\Users\\Dian\\Documents\\semester 4\\FRAMEWORK\\CItugas\\public\\index.php')
CRITICAL - 2023-06-21 02:25:41 --> Undefined property: App\Controllers\Film::$Genre
in APPPATH\Controllers\Film.php on line 37.
 1 APPPATH\Controllers\Film.php(37): CodeIgniter\Debug\Exceptions->errorHandler(8, 'Undefined property: App\\Controllers\\Film::$Genre', 'C:\\Users\\Dian\\Documents\\semester 4\\FRAMEWORK\\CItugas\\app\\Controllers\\Film.php', 37, [])
 2 SYSTEMPATH\CodeIgniter.php(934): App\Controllers\Film->add()
 3 SYSTEMPATH\CodeIgniter.php(499): CodeIgniter\CodeIgniter->runController(Object(App\Controllers\Film))
 4 SYSTEMPATH\CodeIgniter.php(368): CodeIgniter\CodeIgniter->handleRequest(null, Object(Config\Cache), false)
 5 FCPATH\index.php(67): CodeIgniter\CodeIgniter->run()
 6 SYSTEMPATH\Commands\Server\rewrite.php(47): require_once('C:\\Users\\Dian\\Documents\\semester 4\\FRAMEWORK\\CItugas\\public\\index.php')
CRITICAL - 2023-06-21 02:28:09 --> Undefined property: App\Controllers\Film::$Genre
in APPPATH\Controllers\Film.php on line 40.
 1 APPPATH\Controllers\Film.php(40): CodeIgniter\Debug\Exceptions->errorHandler(8, 'Undefined property: App\\Controllers\\Film::$Genre', 'C:\\Users\\Dian\\Documents\\semester 4\\FRAMEWORK\\CItugas\\app\\Controllers\\Film.php', 40, [])
 2 SYSTEMPATH\CodeIgniter.php(934): App\Controllers\Film->add()
 3 SYSTEMPATH\CodeIgniter.php(499): CodeIgniter\CodeIgniter->runController(Object(App\Controllers\Film))
 4 SYSTEMPATH\CodeIgniter.php(368): CodeIgniter\CodeIgniter->handleRequest(null, Object(Config\Cache), false)
 5 FCPATH\index.php(67): CodeIgniter\CodeIgniter->run()
 6 SYSTEMPATH\Commands\Server\rewrite.php(47): require_once('C:\\Users\\Dian\\Documents\\semester 4\\FRAMEWORK\\CItugas\\public\\index.php')
CRITICAL - 2023-06-21 02:29:18 --> Call to a member function getAllData() on null
in APPPATH\Controllers\Film.php on line 40.
 1 SYSTEMPATH\CodeIgniter.php(934): App\Controllers\Film->add()
 2 SYSTEMPATH\CodeIgniter.php(499): CodeIgniter\CodeIgniter->runController(Object(App\Controllers\Film))
 3 SYSTEMPATH\CodeIgniter.php(368): CodeIgniter\CodeIgniter->handleRequest(null, Object(Config\Cache), false)
 4 FCPATH\index.php(67): CodeIgniter\CodeIgniter->run()
 5 SYSTEMPATH\Commands\Server\rewrite.php(47): require_once('C:\\Users\\Dian\\Documents\\semester 4\\FRAMEWORK\\CItugas\\public\\index.php')
CRITICAL - 2023-06-21 02:31:44 --> Call to a member function getAllData() on null
in APPPATH\Controllers\Film.php on line 40.
 1 SYSTEMPATH\CodeIgniter.php(934): App\Controllers\Film->add()
 2 SYSTEMPATH\CodeIgniter.php(499): CodeIgniter\CodeIgniter->runController(Object(App\Controllers\Film))
 3 SYSTEMPATH\CodeIgniter.php(368): CodeIgniter\CodeIgniter->handleRequest(null, Object(Config\Cache), false)
 4 FCPATH\index.php(67): CodeIgniter\CodeIgniter->run()
 5 SYSTEMPATH\Commands\Server\rewrite.php(47): require_once('C:\\Users\\Dian\\Documents\\semester 4\\FRAMEWORK\\CItugas\\public\\index.php')
CRITICAL - 2023-06-21 02:31:45 --> Call to a member function getAllData() on null
in APPPATH\Controllers\Film.php on line 40.
 1 SYSTEMPATH\CodeIgniter.php(934): App\Controllers\Film->add()
 2 SYSTEMPATH\CodeIgniter.php(499): CodeIgniter\CodeIgniter->runController(Object(App\Controllers\Film))
 3 SYSTEMPATH\CodeIgniter.php(368): CodeIgniter\CodeIgniter->handleRequest(null, Object(Config\Cache), false)
 4 FCPATH\index.php(67): CodeIgniter\CodeIgniter->run()
 5 SYSTEMPATH\Commands\Server\rewrite.php(47): require_once('C:\\Users\\Dian\\Documents\\semester 4\\FRAMEWORK\\CItugas\\public\\index.php')
CRITICAL - 2023-06-21 02:31:46 --> Call to a member function getAllData() on null
in APPPATH\Controllers\Film.php on line 40.
 1 SYSTEMPATH\CodeIgniter.php(934): App\Controllers\Film->add()
 2 SYSTEMPATH\CodeIgniter.php(499): CodeIgniter\CodeIgniter->runController(Object(App\Controllers\Film))
 3 SYSTEMPATH\CodeIgniter.php(368): CodeIgniter\CodeIgniter->handleRequest(null, Object(Config\Cache), false)
 4 FCPATH\index.php(67): CodeIgniter\CodeIgniter->run()
 5 SYSTEMPATH\Commands\Server\rewrite.php(47): require_once('C:\\Users\\Dian\\Documents\\semester 4\\FRAMEWORK\\CItugas\\public\\index.php')
CRITICAL - 2023-06-21 02:31:47 --> Call to a member function getAllData() on null
in APPPATH\Controllers\Film.php on line 40.
 1 SYSTEMPATH\CodeIgniter.php(934): App\Controllers\Film->add()
 2 SYSTEMPATH\CodeIgniter.php(499): CodeIgniter\CodeIgniter->runController(Object(App\Controllers\Film))
 3 SYSTEMPATH\CodeIgniter.php(368): CodeIgniter\CodeIgniter->handleRequest(null, Object(Config\Cache), false)
 4 FCPATH\index.php(67): CodeIgniter\CodeIgniter->run()
 5 SYSTEMPATH\Commands\Server\rewrite.php(47): require_once('C:\\Users\\Dian\\Documents\\semester 4\\FRAMEWORK\\CItugas\\public\\index.php')
CRITICAL - 2023-06-21 02:32:14 --> Call to a member function getAllData() on null
in APPPATH\Controllers\Film.php on line 40.
 1 SYSTEMPATH\CodeIgniter.php(934): App\Controllers\Film->add()
 2 SYSTEMPATH\CodeIgniter.php(499): CodeIgniter\CodeIgniter->runController(Object(App\Controllers\Film))
 3 SYSTEMPATH\CodeIgniter.php(368): CodeIgniter\CodeIgniter->handleRequest(null, Object(Config\Cache), false)
 4 FCPATH\index.php(67): CodeIgniter\CodeIgniter->run()
 5 SYSTEMPATH\Commands\Server\rewrite.php(47): require_once('C:\\Users\\Dian\\Documents\\semester 4\\FRAMEWORK\\CItugas\\public\\index.php')
CRITICAL - 2023-06-21 02:32:15 --> Call to a member function getAllData() on null
in APPPATH\Controllers\Film.php on line 40.
 1 SYSTEMPATH\CodeIgniter.php(934): App\Controllers\Film->add()
 2 SYSTEMPATH\CodeIgniter.php(499): CodeIgniter\CodeIgniter->runController(Object(App\Controllers\Film))
 3 SYSTEMPATH\CodeIgniter.php(368): CodeIgniter\CodeIgniter->handleRequest(null, Object(Config\Cache), false)
 4 FCPATH\index.php(67): CodeIgniter\CodeIgniter->run()
 5 SYSTEMPATH\Commands\Server\rewrite.php(47): require_once('C:\\Users\\Dian\\Documents\\semester 4\\FRAMEWORK\\CItugas\\public\\index.php')
CRITICAL - 2023-06-21 02:33:50 --> Call to a member function getAllData() on null
in APPPATH\Controllers\Film.php on line 40.
 1 SYSTEMPATH\CodeIgniter.php(934): App\Controllers\Film->add()
 2 SYSTEMPATH\CodeIgniter.php(499): CodeIgniter\CodeIgniter->runController(Object(App\Controllers\Film))
 3 SYSTEMPATH\CodeIgniter.php(368): CodeIgniter\CodeIgniter->handleRequest(null, Object(Config\Cache), false)
 4 FCPATH\index.php(67): CodeIgniter\CodeIgniter->run()
 5 SYSTEMPATH\Commands\Server\rewrite.php(47): require_once('C:\\Users\\Dian\\Documents\\semester 4\\FRAMEWORK\\CItugas\\public\\index.php')
CRITICAL - 2023-06-21 02:33:52 --> Call to a member function getAllData() on null
in APPPATH\Controllers\Film.php on line 40.
 1 SYSTEMPATH\CodeIgniter.php(934): App\Controllers\Film->add()
 2 SYSTEMPATH\CodeIgniter.php(499): CodeIgniter\CodeIgniter->runController(Object(App\Controllers\Film))
 3 SYSTEMPATH\CodeIgniter.php(368): CodeIgniter\CodeIgniter->handleRequest(null, Object(Config\Cache), false)
 4 FCPATH\index.php(67): CodeIgniter\CodeIgniter->run()
 5 SYSTEMPATH\Commands\Server\rewrite.php(47): require_once('C:\\Users\\Dian\\Documents\\semester 4\\FRAMEWORK\\CItugas\\public\\index.php')
CRITICAL - 2023-06-21 02:35:44 --> Call to a member function getAllData() on null
in APPPATH\Controllers\Film.php on line 40.
 1 SYSTEMPATH\CodeIgniter.php(934): App\Controllers\Film->add()
 2 SYSTEMPATH\CodeIgniter.php(499): CodeIgniter\CodeIgniter->runController(Object(App\Controllers\Film))
 3 SYSTEMPATH\CodeIgniter.php(368): CodeIgniter\CodeIgniter->handleRequest(null, Object(Config\Cache), false)
 4 FCPATH\index.php(67): CodeIgniter\CodeIgniter->run()
 5 SYSTEMPATH\Commands\Server\rewrite.php(47): require_once('C:\\Users\\Dian\\Documents\\semester 4\\FRAMEWORK\\CItugas\\public\\index.php')
CRITICAL - 2023-06-21 02:35:59 --> Undefined index: id
in APPPATH\Views\film\add.php on line 32.
 1 APPPATH\Views\film\add.php(32): CodeIgniter\Debug\Exceptions->errorHandler(8, 'Undefined index: id', 'C:\\Users\\Dian\\Documents\\semester 4\\FRAMEWORK\\CItugas\\app\\Views\\film\\add.php', 32, [...])
 2 SYSTEMPATH\View\View.php(213): include('C:\\Users\\Dian\\Documents\\semester 4\\FRAMEWORK\\CItugas\\app\\Views\\film\\add.php')
 3 SYSTEMPATH\View\View.php(216): CodeIgniter\View\View->CodeIgniter\View\{closure}()
 4 SYSTEMPATH\Common.php(1184): CodeIgniter\View\View->render('Film/add', [], true)
 5 APPPATH\Controllers\Film.php(41): view('Film/add', [...])
 6 SYSTEMPATH\CodeIgniter.php(934): App\Controllers\Film->add()
 7 SYSTEMPATH\CodeIgniter.php(499): CodeIgniter\CodeIgniter->runController(Object(App\Controllers\Film))
 8 SYSTEMPATH\CodeIgniter.php(368): CodeIgniter\CodeIgniter->handleRequest(null, Object(Config\Cache), false)
 9 FCPATH\index.php(67): CodeIgniter\CodeIgniter->run()
10 SYSTEMPATH\Commands\Server\rewrite.php(47): require_once('C:\\Users\\Dian\\Documents\\semester 4\\FRAMEWORK\\CItugas\\public\\index.php')
CRITICAL - 2023-06-21 02:48:07 --> Undefined property: App\Controllers\Film::$film
in APPPATH\Controllers\Film.php on line 58.
 1 APPPATH\Controllers\Film.php(58): CodeIgniter\Debug\Exceptions->errorHandler(8, 'Undefined property: App\\Controllers\\Film::$film', 'C:\\Users\\Dian\\Documents\\semester 4\\FRAMEWORK\\CItugas\\app\\Controllers\\Film.php', 58, [...])
 2 SYSTEMPATH\CodeIgniter.php(934): App\Controllers\Film->store()
 3 SYSTEMPATH\CodeIgniter.php(499): CodeIgniter\CodeIgniter->runController(Object(App\Controllers\Film))
 4 SYSTEMPATH\CodeIgniter.php(368): CodeIgniter\CodeIgniter->handleRequest(null, Object(Config\Cache), false)
 5 FCPATH\index.php(67): CodeIgniter\CodeIgniter->run()
 6 SYSTEMPATH\Commands\Server\rewrite.php(47): require_once('C:\\Users\\Dian\\Documents\\semester 4\\FRAMEWORK\\CItugas\\public\\index.php')
CRITICAL - 2023-06-21 02:48:34 --> Undefined property: App\Controllers\Film::$film
in APPPATH\Controllers\Film.php on line 58.
 1 APPPATH\Controllers\Film.php(58): CodeIgniter\Debug\Exceptions->errorHandler(8, 'Undefined property: App\\Controllers\\Film::$film', 'C:\\Users\\Dian\\Documents\\semester 4\\FRAMEWORK\\CItugas\\app\\Controllers\\Film.php', 58, [...])
 2 SYSTEMPATH\CodeIgniter.php(934): App\Controllers\Film->store()
 3 SYSTEMPATH\CodeIgniter.php(499): CodeIgniter\CodeIgniter->runController(Object(App\Controllers\Film))
 4 SYSTEMPATH\CodeIgniter.php(368): CodeIgniter\CodeIgniter->handleRequest(null, Object(Config\Cache), false)
 5 FCPATH\index.php(67): CodeIgniter\CodeIgniter->run()
 6 SYSTEMPATH\Commands\Server\rewrite.php(47): require_once('C:\\Users\\Dian\\Documents\\semester 4\\FRAMEWORK\\CItugas\\public\\index.php')
CRITICAL - 2023-06-21 02:48:41 --> Undefined property: App\Controllers\Film::$film
in APPPATH\Controllers\Film.php on line 58.
 1 APPPATH\Controllers\Film.php(58): CodeIgniter\Debug\Exceptions->errorHandler(8, 'Undefined property: App\\Controllers\\Film::$film', 'C:\\Users\\Dian\\Documents\\semester 4\\FRAMEWORK\\CItugas\\app\\Controllers\\Film.php', 58, [...])
 2 SYSTEMPATH\CodeIgniter.php(934): App\Controllers\Film->store()
 3 SYSTEMPATH\CodeIgniter.php(499): CodeIgniter\CodeIgniter->runController(Object(App\Controllers\Film))
 4 SYSTEMPATH\CodeIgniter.php(368): CodeIgniter\CodeIgniter->handleRequest(null, Object(Config\Cache), false)
 5 FCPATH\index.php(67): CodeIgniter\CodeIgniter->run()
 6 SYSTEMPATH\Commands\Server\rewrite.php(47): require_once('C:\\Users\\Dian\\Documents\\semester 4\\FRAMEWORK\\CItugas\\public\\index.php')
CRITICAL - 2023-06-21 02:51:42 --> Allowed fields must be specified for model: "App\Models\FilmModel"
in SYSTEMPATH\BaseModel.php on line 1242.
 1 SYSTEMPATH\BaseModel.php(1242): CodeIgniter\Database\Exceptions\DataException::forInvalidAllowedFields('App\\Models\\FilmModel')
 2 SYSTEMPATH\BaseModel.php(757): CodeIgniter\BaseModel->doProtectFields([...])
 3 SYSTEMPATH\Model.php(730): CodeIgniter\BaseModel->insert([...], false)
 4 SYSTEMPATH\BaseModel.php(692): CodeIgniter\Model->insert([...], false)
 5 APPPATH\Controllers\Film.php(58): CodeIgniter\BaseModel->save([...])
 6 SYSTEMPATH\CodeIgniter.php(934): App\Controllers\Film->store()
 7 SYSTEMPATH\CodeIgniter.php(499): CodeIgniter\CodeIgniter->runController(Object(App\Controllers\Film))
 8 SYSTEMPATH\CodeIgniter.php(368): CodeIgniter\CodeIgniter->handleRequest(null, Object(Config\Cache), false)
 9 FCPATH\index.php(67): CodeIgniter\CodeIgniter->run()
10 SYSTEMPATH\Commands\Server\rewrite.php(47): require_once('C:\\Users\\Dian\\Documents\\semester 4\\FRAMEWORK\\CItugas\\public\\index.php')
INFO - 2023-06-21 03:04:34 --> Session: Class initialized using 'CodeIgniter\Session\Handlers\FileHandler' driver.
CRITICAL - 2023-06-21 03:04:34 --> Undefined index: id
in APPPATH\Views\film\add.php on line 18.
 1 APPPATH\Views\film\add.php(18): CodeIgniter\Debug\Exceptions->errorHandler(8, 'Undefined index: id', 'C:\\Users\\Dian\\Documents\\semester 4\\FRAMEWORK\\CItugas\\app\\Views\\film\\add.php', 18, [...])
 2 SYSTEMPATH\View\View.php(213): include('C:\\Users\\Dian\\Documents\\semester 4\\FRAMEWORK\\CItugas\\app\\Views\\film\\add.php')
 3 SYSTEMPATH\View\View.php(216): CodeIgniter\View\View->CodeIgniter\View\{closure}()
 4 SYSTEMPATH\Common.php(1184): CodeIgniter\View\View->render('Film/add', [], true)
 5 APPPATH\Controllers\Film.php(41): view('Film/add', [...])
 6 SYSTEMPATH\CodeIgniter.php(934): App\Controllers\Film->add()
 7 SYSTEMPATH\CodeIgniter.php(499): CodeIgniter\CodeIgniter->runController(Object(App\Controllers\Film))
 8 SYSTEMPATH\CodeIgniter.php(368): CodeIgniter\CodeIgniter->handleRequest(null, Object(Config\Cache), false)
 9 FCPATH\index.php(67): CodeIgniter\CodeIgniter->run()
10 SYSTEMPATH\Commands\Server\rewrite.php(47): require_once('C:\\Users\\Dian\\Documents\\semester 4\\FRAMEWORK\\CItugas\\public\\index.php')
INFO - 2023-06-21 03:05:01 --> Session: Class initialized using 'CodeIgniter\Session\Handlers\FileHandler' driver.
INFO - 2023-06-21 03:08:36 --> Session: Class initialized using 'CodeIgniter\Session\Handlers\FileHandler' driver.
CRITICAL - 2023-06-21 03:08:36 --> Undefined index: id
in APPPATH\Views\film\add.php on line 38.
 1 APPPATH\Views\film\add.php(38): CodeIgniter\Debug\Exceptions->errorHandler(8, 'Undefined index: id', 'C:\\Users\\Dian\\Documents\\semester 4\\FRAMEWORK\\CItugas\\app\\Views\\film\\add.php', 38, [...])
 2 SYSTEMPATH\View\View.php(213): include('C:\\Users\\Dian\\Documents\\semester 4\\FRAMEWORK\\CItugas\\app\\Views\\film\\add.php')
 3 SYSTEMPATH\View\View.php(216): CodeIgniter\View\View->CodeIgniter\View\{closure}()
 4 SYSTEMPATH\Common.php(1184): CodeIgniter\View\View->render('Film/add', [], true)
 5 APPPATH\Controllers\Film.php(41): view('Film/add', [...])
 6 SYSTEMPATH\CodeIgniter.php(934): App\Controllers\Film->add()
 7 SYSTEMPATH\CodeIgniter.php(499): CodeIgniter\CodeIgniter->runController(Object(App\Controllers\Film))
 8 SYSTEMPATH\CodeIgniter.php(368): CodeIgniter\CodeIgniter->handleRequest(null, Object(Config\Cache), false)
 9 FCPATH\index.php(67): CodeIgniter\CodeIgniter->run()
10 SYSTEMPATH\Commands\Server\rewrite.php(47): require_once('C:\\Users\\Dian\\Documents\\semester 4\\FRAMEWORK\\CItugas\\public\\index.php')
INFO - 2023-06-21 03:08:54 --> Session: Class initialized using 'CodeIgniter\Session\Handlers\FileHandler' driver.
INFO - 2023-06-21 03:12:31 --> Session: Class initialized using 'CodeIgniter\Session\Handlers\FileHandler' driver.
INFO - 2023-06-21 03:28:25 --> Session: Class initialized using 'CodeIgniter\Session\Handlers\FileHandler' driver.
CRITICAL - 2023-06-21 03:29:17 --> Undefined variable: vallidation
in APPPATH\Controllers\Film.php on line 75.
 1 APPPATH\Controllers\Film.php(75): CodeIgniter\Debug\Exceptions->errorHandler(8, 'Undefined variable: vallidation', 'C:\\Users\\Dian\\Documents\\semester 4\\FRAMEWORK\\CItugas\\app\\Controllers\\Film.php', 75, [...])
 2 SYSTEMPATH\CodeIgniter.php(934): App\Controllers\Film->store()
 3 SYSTEMPATH\CodeIgniter.php(499): CodeIgniter\CodeIgniter->runController(Object(App\Controllers\Film))
 4 SYSTEMPATH\CodeIgniter.php(368): CodeIgniter\CodeIgniter->handleRequest(null, Object(Config\Cache), false)
 5 FCPATH\index.php(67): CodeIgniter\CodeIgniter->run()
 6 SYSTEMPATH\Commands\Server\rewrite.php(47): require_once('C:\\Users\\Dian\\Documents\\semester 4\\FRAMEWORK\\CItugas\\public\\index.php')
INFO - 2023-06-21 03:29:52 --> Session: Class initialized using 'CodeIgniter\Session\Handlers\FileHandler' driver.
INFO - 2023-06-21 03:29:52 --> Session: Class initialized using 'CodeIgniter\Session\Handlers\FileHandler' driver.
INFO - 2023-06-21 03:39:35 --> Session: Class initialized using 'CodeIgniter\Session\Handlers\FileHandler' driver.
INFO - 2023-06-21 03:52:25 --> Session: Class initialized using 'CodeIgniter\Session\Handlers\FileHandler' driver.
INFO - 2023-06-21 03:57:50 --> Session: Class initialized using 'CodeIgniter\Session\Handlers\FileHandler' driver.
INFO - 2023-06-21 03:58:12 --> Session: Class initialized using 'CodeIgniter\Session\Handlers\FileHandler' driver.
INFO - 2023-06-21 03:58:12 --> Session: Class initialized using 'CodeIgniter\Session\Handlers\FileHandler' driver.
CRITICAL - 2023-06-21 04:02:48 --> Undefined variable: film
in APPPATH\Views\film\index.php on line 25.
 1 APPPATH\Views\film\index.php(25): CodeIgniter\Debug\Exceptions->errorHandler(8, 'Undefined variable: film', 'C:\\Users\\Dian\\Documents\\semester 4\\FRAMEWORK\\CItugas\\app\\Views\\film\\index.php', 25, [...])
 2 SYSTEMPATH\View\View.php(213): include('C:\\Users\\Dian\\Documents\\semester 4\\FRAMEWORK\\CItugas\\app\\Views\\film\\index.php')
 3 SYSTEMPATH\View\View.php(216): CodeIgniter\View\View->CodeIgniter\View\{closure}()
 4 SYSTEMPATH\Common.php(1184): CodeIgniter\View\View->render('film/index', [], true)
 5 APPPATH\Controllers\Film.php(28): view('film/index', [...])
 6 SYSTEMPATH\CodeIgniter.php(934): App\Controllers\Film->index()
 7 SYSTEMPATH\CodeIgniter.php(499): CodeIgniter\CodeIgniter->runController(Object(App\Controllers\Film))
 8 SYSTEMPATH\CodeIgniter.php(368): CodeIgniter\CodeIgniter->handleRequest(null, Object(Config\Cache), false)
 9 FCPATH\index.php(67): CodeIgniter\CodeIgniter->run()
10 SYSTEMPATH\Commands\Server\rewrite.php(47): require_once('C:\\Users\\Dian\\Documents\\semester 4\\FRAMEWORK\\CItugas\\public\\index.php')
CRITICAL - 2023-06-21 04:03:07 --> Undefined variable: Film
in APPPATH\Views\film\index.php on line 25.
 1 APPPATH\Views\film\index.php(25): CodeIgniter\Debug\Exceptions->errorHandler(8, 'Undefined variable: Film', 'C:\\Users\\Dian\\Documents\\semester 4\\FRAMEWORK\\CItugas\\app\\Views\\film\\index.php', 25, [...])
 2 SYSTEMPATH\View\View.php(213): include('C:\\Users\\Dian\\Documents\\semester 4\\FRAMEWORK\\CItugas\\app\\Views\\film\\index.php')
 3 SYSTEMPATH\View\View.php(216): CodeIgniter\View\View->CodeIgniter\View\{closure}()
 4 SYSTEMPATH\Common.php(1184): CodeIgniter\View\View->render('film/index', [], true)
 5 APPPATH\Controllers\Film.php(28): view('film/index', [...])
 6 SYSTEMPATH\CodeIgniter.php(934): App\Controllers\Film->index()
 7 SYSTEMPATH\CodeIgniter.php(499): CodeIgniter\CodeIgniter->runController(Object(App\Controllers\Film))
 8 SYSTEMPATH\CodeIgniter.php(368): CodeIgniter\CodeIgniter->handleRequest(null, Object(Config\Cache), false)
 9 FCPATH\index.php(67): CodeIgniter\CodeIgniter->run()
10 SYSTEMPATH\Commands\Server\rewrite.php(47): require_once('C:\\Users\\Dian\\Documents\\semester 4\\FRAMEWORK\\CItugas\\public\\index.php')
INFO - 2023-06-21 04:04:02 --> Session: Class initialized using 'CodeIgniter\Session\Handlers\FileHandler' driver.
CRITICAL - 2023-06-21 04:04:06 --> Undefined variable: Film
in APPPATH\Views\film\index.php on line 25.
 1 APPPATH\Views\film\index.php(25): CodeIgniter\Debug\Exceptions->errorHandler(8, 'Undefined variable: Film', 'C:\\Users\\Dian\\Documents\\semester 4\\FRAMEWORK\\CItugas\\app\\Views\\film\\index.php', 25, [...])
 2 SYSTEMPATH\View\View.php(213): include('C:\\Users\\Dian\\Documents\\semester 4\\FRAMEWORK\\CItugas\\app\\Views\\film\\index.php')
 3 SYSTEMPATH\View\View.php(216): CodeIgniter\View\View->CodeIgniter\View\{closure}()
 4 SYSTEMPATH\Common.php(1184): CodeIgniter\View\View->render('film/index', [], true)
 5 APPPATH\Controllers\Film.php(28): view('film/index', [...])
 6 SYSTEMPATH\CodeIgniter.php(934): App\Controllers\Film->index()
 7 SYSTEMPATH\CodeIgniter.php(499): CodeIgniter\CodeIgniter->runController(Object(App\Controllers\Film))
 8 SYSTEMPATH\CodeIgniter.php(368): CodeIgniter\CodeIgniter->handleRequest(null, Object(Config\Cache), false)
 9 FCPATH\index.php(67): CodeIgniter\CodeIgniter->run()
10 SYSTEMPATH\Commands\Server\rewrite.php(47): require_once('C:\\Users\\Dian\\Documents\\semester 4\\FRAMEWORK\\CItugas\\public\\index.php')
INFO - 2023-06-21 04:04:31 --> Session: Class initialized using 'CodeIgniter\Session\Handlers\FileHandler' driver.
INFO - 2023-06-21 04:04:35 --> Session: Class initialized using 'CodeIgniter\Session\Handlers\FileHandler' driver.
INFO - 2023-06-21 04:07:37 --> Session: Class initialized using 'CodeIgniter\Session\Handlers\FileHandler' driver.
