CRITICAL - 2023-06-20 06:31:34 --> Invalid file: "layout/page_layout.php"
in SYSTEMPATH\Exceptions\FrameworkException.php on line 33.
 1 SYSTEMPATH\View\View.php(201): CodeIgniter\Exceptions\FrameworkException::forInvalidFile('layout/page_layout.php')
 2 SYSTEMPATH\View\View.php(229): CodeIgniter\View\View->render('layout/page_layout', [], true)
 3 SYSTEMPATH\Common.php(1184): CodeIgniter\View\View->render('Film/semuaFilm', [], true)
 4 APPPATH\Controllers\Film.php(33): view('Film/semuaFilm', [...])
 5 SYSTEMPATH\CodeIgniter.php(934): App\Controllers\Film->all()
 6 SYSTEMPATH\CodeIgniter.php(499): CodeIgniter\CodeIgniter->runController(Object(App\Controllers\Film))
 7 SYSTEMPATH\CodeIgniter.php(368): CodeIgniter\CodeIgniter->handleRequest(null, Object(Config\Cache), false)
 8 FCPATH\index.php(67): CodeIgniter\CodeIgniter->run()
 9 SYSTEMPATH\Commands\Server\rewrite.php(47): require_once('C:\\xampp\\htdocs\\Database-film-genre-tampilan\\public\\index.php')
CRITICAL - 2023-06-20 06:31:56 --> Invalid file: "view/layout/page_layout.php"
in SYSTEMPATH\Exceptions\FrameworkException.php on line 33.
 1 SYSTEMPATH\View\View.php(201): CodeIgniter\Exceptions\FrameworkException::forInvalidFile('view/layout/page_layout.php')
 2 SYSTEMPATH\View\View.php(229): CodeIgniter\View\View->render('view/layout/page_layout', [], true)
 3 SYSTEMPATH\Common.php(1184): CodeIgniter\View\View->render('Film/semuaFilm', [], true)
 4 APPPATH\Controllers\Film.php(33): view('Film/semuaFilm', [...])
 5 SYSTEMPATH\CodeIgniter.php(934): App\Controllers\Film->all()
 6 SYSTEMPATH\CodeIgniter.php(499): CodeIgniter\CodeIgniter->runController(Object(App\Controllers\Film))
 7 SYSTEMPATH\CodeIgniter.php(368): CodeIgniter\CodeIgniter->handleRequest(null, Object(Config\Cache), false)
 8 FCPATH\index.php(67): CodeIgniter\CodeIgniter->run()
 9 SYSTEMPATH\Commands\Server\rewrite.php(47): require_once('C:\\xampp\\htdocs\\Database-film-genre-tampilan\\public\\index.php')
CRITICAL - 2023-06-20 06:32:04 --> Invalid file: "views/layout/page_layout.php"
in SYSTEMPATH\Exceptions\FrameworkException.php on line 33.
 1 SYSTEMPATH\View\View.php(201): CodeIgniter\Exceptions\FrameworkException::forInvalidFile('views/layout/page_layout.php')
 2 SYSTEMPATH\View\View.php(229): CodeIgniter\View\View->render('views/layout/page_layout', [], true)
 3 SYSTEMPATH\Common.php(1184): CodeIgniter\View\View->render('Film/semuaFilm', [], true)
 4 APPPATH\Controllers\Film.php(33): view('Film/semuaFilm', [...])
 5 SYSTEMPATH\CodeIgniter.php(934): App\Controllers\Film->all()
 6 SYSTEMPATH\CodeIgniter.php(499): CodeIgniter\CodeIgniter->runController(Object(App\Controllers\Film))
 7 SYSTEMPATH\CodeIgniter.php(368): CodeIgniter\CodeIgniter->handleRequest(null, Object(Config\Cache), false)
 8 FCPATH\index.php(67): CodeIgniter\CodeIgniter->run()
 9 SYSTEMPATH\Commands\Server\rewrite.php(47): require_once('C:\\xampp\\htdocs\\Database-film-genre-tampilan\\public\\index.php')
CRITICAL - 2023-06-20 07:57:24 --> Undefined property: App\Controllers\Film::$load
in APPPATH\Controllers\Film.php on line 32.
 1 APPPATH\Controllers\Film.php(32): CodeIgniter\Debug\Exceptions->errorHandler(2, 'Undefined property: App\\Controllers\\Film::$load', 'C:\\xampp\\htdocs\\Database-film-genre-tampilan\\app\\Controllers\\Film.php', 32)
 2 SYSTEMPATH\CodeIgniter.php(934): App\Controllers\Film->all()
 3 SYSTEMPATH\CodeIgniter.php(499): CodeIgniter\CodeIgniter->runController(Object(App\Controllers\Film))
 4 SYSTEMPATH\CodeIgniter.php(368): CodeIgniter\CodeIgniter->handleRequest(null, Object(Config\Cache), false)
 5 FCPATH\index.php(67): CodeIgniter\CodeIgniter->run()
 6 SYSTEMPATH\Commands\Server\rewrite.php(47): require_once('C:\\xampp\\htdocs\\Database-film-genre-tampilan\\public\\index.php')
CRITICAL - 2023-06-20 07:57:26 --> Undefined property: App\Controllers\Film::$load
in APPPATH\Controllers\Film.php on line 32.
 1 APPPATH\Controllers\Film.php(32): CodeIgniter\Debug\Exceptions->errorHandler(2, 'Undefined property: App\\Controllers\\Film::$load', 'C:\\xampp\\htdocs\\Database-film-genre-tampilan\\app\\Controllers\\Film.php', 32)
 2 SYSTEMPATH\CodeIgniter.php(934): App\Controllers\Film->all()
 3 SYSTEMPATH\CodeIgniter.php(499): CodeIgniter\CodeIgniter->runController(Object(App\Controllers\Film))
 4 SYSTEMPATH\CodeIgniter.php(368): CodeIgniter\CodeIgniter->handleRequest(null, Object(Config\Cache), false)
 5 FCPATH\index.php(67): CodeIgniter\CodeIgniter->run()
 6 SYSTEMPATH\Commands\Server\rewrite.php(47): require_once('C:\\xampp\\htdocs\\Database-film-genre-tampilan\\public\\index.php')
CRITICAL - 2023-06-20 07:58:16 --> Undefined property: App\Controllers\Film::$load
in APPPATH\Controllers\Film.php on line 32.
 1 APPPATH\Controllers\Film.php(32): CodeIgniter\Debug\Exceptions->errorHandler(2, 'Undefined property: App\\Controllers\\Film::$load', 'C:\\xampp\\htdocs\\Database-film-genre-tampilan\\app\\Controllers\\Film.php', 32)
 2 SYSTEMPATH\CodeIgniter.php(934): App\Controllers\Film->all()
 3 SYSTEMPATH\CodeIgniter.php(499): CodeIgniter\CodeIgniter->runController(Object(App\Controllers\Film))
 4 SYSTEMPATH\CodeIgniter.php(368): CodeIgniter\CodeIgniter->handleRequest(null, Object(Config\Cache), false)
 5 FCPATH\index.php(67): CodeIgniter\CodeIgniter->run()
 6 SYSTEMPATH\Commands\Server\rewrite.php(47): require_once('C:\\xampp\\htdocs\\Database-film-genre-tampilan\\public\\index.php')
CRITICAL - 2023-06-20 07:59:05 --> Undefined property: App\Controllers\Film::$load
in APPPATH\Controllers\Film.php on line 32.
 1 APPPATH\Controllers\Film.php(32): CodeIgniter\Debug\Exceptions->errorHandler(2, 'Undefined property: App\\Controllers\\Film::$load', 'C:\\xampp\\htdocs\\Database-film-genre-tampilan\\app\\Controllers\\Film.php', 32)
 2 SYSTEMPATH\CodeIgniter.php(934): App\Controllers\Film->all()
 3 SYSTEMPATH\CodeIgniter.php(499): CodeIgniter\CodeIgniter->runController(Object(App\Controllers\Film))
 4 SYSTEMPATH\CodeIgniter.php(368): CodeIgniter\CodeIgniter->handleRequest(null, Object(Config\Cache), false)
 5 FCPATH\index.php(67): CodeIgniter\CodeIgniter->run()
 6 SYSTEMPATH\Commands\Server\rewrite.php(47): require_once('C:\\xampp\\htdocs\\Database-film-genre-tampilan\\public\\index.php')
CRITICAL - 2023-06-20 08:50:11 --> Undefined property: App\Controllers\Film::$load
in APPPATH\Controllers\Film.php on line 32.
 1 APPPATH\Controllers\Film.php(32): CodeIgniter\Debug\Exceptions->errorHandler(2, 'Undefined property: App\\Controllers\\Film::$load', 'C:\\xampp\\htdocs\\Database-film-genre-tampilan\\app\\Controllers\\Film.php', 32)
 2 SYSTEMPATH\CodeIgniter.php(934): App\Controllers\Film->all()
 3 SYSTEMPATH\CodeIgniter.php(499): CodeIgniter\CodeIgniter->runController(Object(App\Controllers\Film))
 4 SYSTEMPATH\CodeIgniter.php(368): CodeIgniter\CodeIgniter->handleRequest(null, Object(Config\Cache), false)
 5 FCPATH\index.php(67): CodeIgniter\CodeIgniter->run()
 6 SYSTEMPATH\Commands\Server\rewrite.php(47): require_once('C:\\xampp\\htdocs\\Database-film-genre-tampilan\\public\\index.php')
CRITICAL - 2023-06-20 08:50:35 --> Undefined property: App\Controllers\Film::$load
in APPPATH\Controllers\Film.php on line 32.
 1 APPPATH\Controllers\Film.php(32): CodeIgniter\Debug\Exceptions->errorHandler(2, 'Undefined property: App\\Controllers\\Film::$load', 'C:\\xampp\\htdocs\\Database-film-genre-tampilan\\app\\Controllers\\Film.php', 32)
 2 SYSTEMPATH\CodeIgniter.php(934): App\Controllers\Film->all()
 3 SYSTEMPATH\CodeIgniter.php(499): CodeIgniter\CodeIgniter->runController(Object(App\Controllers\Film))
 4 SYSTEMPATH\CodeIgniter.php(368): CodeIgniter\CodeIgniter->handleRequest(null, Object(Config\Cache), false)
 5 FCPATH\index.php(67): CodeIgniter\CodeIgniter->run()
 6 SYSTEMPATH\Commands\Server\rewrite.php(47): require_once('C:\\xampp\\htdocs\\Database-film-genre-tampilan\\public\\index.php')
CRITICAL - 2023-06-20 08:52:16 --> Undefined property: App\Controllers\Film::$load
in APPPATH\Controllers\Film.php on line 32.
 1 APPPATH\Controllers\Film.php(32): CodeIgniter\Debug\Exceptions->errorHandler(2, 'Undefined property: App\\Controllers\\Film::$load', 'C:\\xampp\\htdocs\\Database-film-genre-tampilan\\app\\Controllers\\Film.php', 32)
 2 SYSTEMPATH\CodeIgniter.php(934): App\Controllers\Film->all()
 3 SYSTEMPATH\CodeIgniter.php(499): CodeIgniter\CodeIgniter->runController(Object(App\Controllers\Film))
 4 SYSTEMPATH\CodeIgniter.php(368): CodeIgniter\CodeIgniter->handleRequest(null, Object(Config\Cache), false)
 5 FCPATH\index.php(67): CodeIgniter\CodeIgniter->run()
 6 SYSTEMPATH\Commands\Server\rewrite.php(47): require_once('C:\\xampp\\htdocs\\Database-film-genre-tampilan\\public\\index.php')
CRITICAL - 2023-06-20 12:42:39 --> Undefined property: App\Controllers\Film::$load
in APPPATH\Controllers\Film.php on line 32.
 1 APPPATH\Controllers\Film.php(32): CodeIgniter\Debug\Exceptions->errorHandler(2, 'Undefined property: App\\Controllers\\Film::$load', 'C:\\xampp\\htdocs\\Database-film-genre-tampilan\\app\\Controllers\\Film.php', 32)
 2 SYSTEMPATH\CodeIgniter.php(934): App\Controllers\Film->all()
 3 SYSTEMPATH\CodeIgniter.php(499): CodeIgniter\CodeIgniter->runController(Object(App\Controllers\Film))
 4 SYSTEMPATH\CodeIgniter.php(368): CodeIgniter\CodeIgniter->handleRequest(null, Object(Config\Cache), false)
 5 FCPATH\index.php(67): CodeIgniter\CodeIgniter->run()
 6 SYSTEMPATH\Commands\Server\rewrite.php(47): require_once('C:\\xampp\\htdocs\\Database-film-genre-tampilan\\public\\index.php')
CRITICAL - 2023-06-20 12:52:16 --> Undefined variable $semuafilm
in APPPATH\Views\film\semuaFilm.php on line 8.
 1 APPPATH\Views\film\semuaFilm.php(8): CodeIgniter\Debug\Exceptions->errorHandler(2, 'Undefined variable $semuafilm', 'C:\\xampp\\htdocs\\Database-film-genre-tampilan\\app\\Views\\film\\semuaFilm.php', 8)
 2 SYSTEMPATH\View\View.php(213): include('C:\\xampp\\htdocs\\Database-film-genre-tampilan\\app\\Views\\film\\semuaFilm.php')
 3 SYSTEMPATH\View\View.php(216): CodeIgniter\View\View->CodeIgniter\View\{closure}()
 4 SYSTEMPATH\Common.php(1184): CodeIgniter\View\View->render('Film/semuaFilm', [], true)
 5 APPPATH\Controllers\Film.php(33): view('Film/semuaFilm', [...])
 6 SYSTEMPATH\CodeIgniter.php(934): App\Controllers\Film->all()
 7 SYSTEMPATH\CodeIgniter.php(499): CodeIgniter\CodeIgniter->runController(Object(App\Controllers\Film))
 8 SYSTEMPATH\CodeIgniter.php(368): CodeIgniter\CodeIgniter->handleRequest(null, Object(Config\Cache), false)
 9 FCPATH\index.php(67): CodeIgniter\CodeIgniter->run()
10 SYSTEMPATH\Commands\Server\rewrite.php(47): require_once('C:\\xampp\\htdocs\\Database-film-genre-tampilan\\public\\index.php')
CRITICAL - 2023-06-20 13:00:02 --> Call to undefined method App\Models\GenreModel::getGenre
in SYSTEMPATH\Model.php on line 842.
 1 APPPATH\Controllers\Genre.php(24): CodeIgniter\Model->__call('getGenre', [])
 2 SYSTEMPATH\CodeIgniter.php(934): App\Controllers\Genre->index()
 3 SYSTEMPATH\CodeIgniter.php(499): CodeIgniter\CodeIgniter->runController(Object(App\Controllers\Genre))
 4 SYSTEMPATH\CodeIgniter.php(368): CodeIgniter\CodeIgniter->handleRequest(null, Object(Config\Cache), false)
 5 FCPATH\index.php(67): CodeIgniter\CodeIgniter->run()
 6 SYSTEMPATH\Commands\Server\rewrite.php(47): require_once('C:\\xampp\\htdocs\\Database-film-genre-tampilan\\public\\index.php')
CRITICAL - 2023-06-20 13:12:41 --> Undefined property: App\Controllers\Genre::$Film
in APPPATH\Controllers\Genre.php on line 24.
 1 APPPATH\Controllers\Genre.php(24): CodeIgniter\Debug\Exceptions->errorHandler(2, 'Undefined property: App\\Controllers\\Genre::$Film', 'C:\\xampp\\htdocs\\Database-film-genre-tampilan\\app\\Controllers\\Genre.php', 24)
 2 SYSTEMPATH\CodeIgniter.php(934): App\Controllers\Genre->index()
 3 SYSTEMPATH\CodeIgniter.php(499): CodeIgniter\CodeIgniter->runController(Object(App\Controllers\Genre))
 4 SYSTEMPATH\CodeIgniter.php(368): CodeIgniter\CodeIgniter->handleRequest(null, Object(Config\Cache), false)
 5 FCPATH\index.php(67): CodeIgniter\CodeIgniter->run()
 6 SYSTEMPATH\Commands\Server\rewrite.php(47): require_once('C:\\xampp\\htdocs\\Database-film-genre-tampilan\\public\\index.php')
CRITICAL - 2023-06-20 13:16:08 --> Undefined array key "cover"
in APPPATH\Views\film\semuaGenre.php on line 20.
 1 APPPATH\Views\film\semuaGenre.php(20): CodeIgniter\Debug\Exceptions->errorHandler(2, 'Undefined array key "cover"', 'C:\\xampp\\htdocs\\Database-film-genre-tampilan\\app\\Views\\film\\semuaGenre.php', 20)
 2 SYSTEMPATH\View\View.php(213): include('C:\\xampp\\htdocs\\Database-film-genre-tampilan\\app\\Views\\film\\semuaGenre.php')
 3 SYSTEMPATH\View\View.php(216): CodeIgniter\View\View->CodeIgniter\View\{closure}()
 4 SYSTEMPATH\Common.php(1184): CodeIgniter\View\View->render('Film/semuaGenre', [], true)
 5 APPPATH\Controllers\Genre.php(24): view('Film/semuaGenre', [...])
 6 SYSTEMPATH\CodeIgniter.php(934): App\Controllers\Genre->index()
 7 SYSTEMPATH\CodeIgniter.php(499): CodeIgniter\CodeIgniter->runController(Object(App\Controllers\Genre))
 8 SYSTEMPATH\CodeIgniter.php(368): CodeIgniter\CodeIgniter->handleRequest(null, Object(Config\Cache), false)
 9 FCPATH\index.php(67): CodeIgniter\CodeIgniter->run()
10 SYSTEMPATH\Commands\Server\rewrite.php(47): require_once('C:\\xampp\\htdocs\\Database-film-genre-tampilan\\public\\index.php')
CRITICAL - 2023-06-20 13:28:36 --> You must set the database table to be used with your query.
in SYSTEMPATH\Database\BaseConnection.php on line 883.
 1 SYSTEMPATH\Model.php(642): CodeIgniter\Database\BaseConnection->table(null)
 2 SYSTEMPATH\Model.php(234): CodeIgniter\Model->builder()
 3 SYSTEMPATH\BaseModel.php(618): CodeIgniter\Model->doFindAll(0, 0)
 4 APPPATH\Models\AboutModel.php(14): CodeIgniter\BaseModel->findAll()
 5 APPPATH\Controllers\about.php(23): App\Models\AboutModel->getAllData()
 6 SYSTEMPATH\CodeIgniter.php(934): App\Controllers\About->index()
 7 SYSTEMPATH\CodeIgniter.php(499): CodeIgniter\CodeIgniter->runController(Object(App\Controllers\About))
 8 SYSTEMPATH\CodeIgniter.php(368): CodeIgniter\CodeIgniter->handleRequest(null, Object(Config\Cache), false)
 9 FCPATH\index.php(67): CodeIgniter\CodeIgniter->run()
10 SYSTEMPATH\Commands\Server\rewrite.php(47): require_once('C:\\xampp\\htdocs\\Database-film-genre-tampilan\\public\\index.php')
CRITICAL - 2023-06-20 14:01:02 --> Invalid file: "about.php"
in SYSTEMPATH\Exceptions\FrameworkException.php on line 33.
 1 SYSTEMPATH\View\View.php(201): CodeIgniter\Exceptions\FrameworkException::forInvalidFile('about.php')
 2 SYSTEMPATH\Common.php(1184): CodeIgniter\View\View->render('about', [], true)
 3 APPPATH\Controllers\About.php(7): view('about')
 4 SYSTEMPATH\CodeIgniter.php(934): App\Controllers\About->index()
 5 SYSTEMPATH\CodeIgniter.php(499): CodeIgniter\CodeIgniter->runController(Object(App\Controllers\About))
 6 SYSTEMPATH\CodeIgniter.php(368): CodeIgniter\CodeIgniter->handleRequest(null, Object(Config\Cache), false)
 7 FCPATH\index.php(67): CodeIgniter\CodeIgniter->run()
 8 SYSTEMPATH\Commands\Server\rewrite.php(47): require_once('C:\\xampp\\htdocs\\Database-film-genre-tampilan\\public\\index.php')
CRITICAL - 2023-06-20 14:17:42 --> syntax error, unexpected token "endforeach", expecting end of file
in APPPATH\Views\film\about.php on line 32.
 1 SYSTEMPATH\View\View.php(216): CodeIgniter\View\View->CodeIgniter\View\{closure}()
 2 SYSTEMPATH\Common.php(1184): CodeIgniter\View\View->render('film/about', [], true)
 3 APPPATH\Controllers\About.php(7): view('film/about')
 4 SYSTEMPATH\CodeIgniter.php(934): App\Controllers\About->index()
 5 SYSTEMPATH\CodeIgniter.php(499): CodeIgniter\CodeIgniter->runController(Object(App\Controllers\About))
 6 SYSTEMPATH\CodeIgniter.php(368): CodeIgniter\CodeIgniter->handleRequest(null, Object(Config\Cache), false)
 7 FCPATH\index.php(67): CodeIgniter\CodeIgniter->run()
 8 SYSTEMPATH\Commands\Server\rewrite.php(47): require_once('C:\\xampp\\htdocs\\Database-film-genre-tampilan\\public\\index.php')
